<?xml version="1.0" encoding="UTF-8"?>
<!-- Generated by org.testng.reporters.JUnitXMLReporter -->
<testsuite ignored="0" hostname="AXAR-VRAJARSHI" failures="0" tests="1" name="Test" time="0.15" errors="0" timestamp="2023-07-31T18:05:05 IST">
  <testcase classname="test.LoginPackage.FirstTestNGCase" name="@BeforeMethod Setup" time="0.047">
    <failure type="java.lang.NullPointerException" message="Cannot invoke &amp;quot;org.openqa.selenium.WebDriver.manage()&amp;quot; because &amp;quot;test.LoginPackage.FirstTestNGCase.driver&amp;quot; is null">
      <![CDATA[java.lang.NullPointerException: Cannot invoke "org.openqa.selenium.WebDriver.manage()" because "test.LoginPackage.FirstTestNGCase.driver" is null
at test.LoginPackage.FirstTestNGCase.Setup(FirstTestNGCase.java:44)
at java.base/java.util.ArrayList.forEach(ArrayList.java:1511)
at java.base/java.util.concurrent.FutureTask.run(FutureTask.java:317)
at java.base/java.util.concurrent.ThreadPoolExecutor.runWorker(ThreadPoolExecutor.java:1144)
at java.base/java.util.concurrent.ThreadPoolExecutor$Worker.run(ThreadPoolExecutor.java:642)
at java.base/java.lang.Thread.run(Thread.java:1623)
... Removed 19 stack frames]]>
    </failure>
  </testcase> <!-- @BeforeMethod Setup -->
  <testcase classname="test.LoginPackage.FirstTestNGCase" name="@AfterClass BrowserClose" time="0.0">
    <skipped/>
  </testcase> <!-- @AfterClass BrowserClose -->
  <testcase classname="test.LoginPackage.FirstTestNGCase" name="Login" time="0.0">
    <skipped/>
  </testcase> <!-- Login -->
</testsuite> <!-- Test -->
